<?xml version="1.0" encoding="UTF-8"?>
<!-- Generated by org.testng.reporters.JUnitReportReporter -->
<testsuite hostname="A-MACBOOKPRO-1.local" name="com.balfour.sb4.unittests.OCO_Test" tests="1" failures="0" timestamp="9 Feb 2015 14:48:28 GMT" time="24.738" errors="0">
  <testcase name="supplies_test001" time="24.738" classname="com.balfour.sb4.unittests.OCO_Test"/>
</testsuite> <!-- com.balfour.sb4.unittests.OCO_Test -->
