<?xml version="1.0" encoding="UTF-8"?>
<!-- Generated by org.testng.reporters.JUnitReportReporter -->
<testsuite hostname="A-MACBOOKPRO-1.local" name="com.balfour.sb4.unittests.Admin_Test" tests="1" failures="0" timestamp="28 Jan 2015 13:41:19 GMT" time="65.132" errors="0">
  <testcase name="f" time="65.132" classname="com.balfour.sb4.unittests.Admin_Test"/>
</testsuite> <!-- com.balfour.sb4.unittests.Admin_Test -->
