<?xml version="1.0" encoding="UTF-8"?>
<!-- Generated by org.testng.reporters.JUnitReportReporter -->
<testsuite hostname="A-MACBOOKPRO-1.local" name="com.balfour.sb4.unittests.Login_Test" tests="1" failures="0" timestamp="21 Dec 2014 13:41:42 GMT" time="27.799" errors="0">
  <testcase name="f" time="27.799" classname="com.balfour.sb4.unittests.Login_Test"/>
</testsuite> <!-- com.balfour.sb4.unittests.Login_Test -->
