<?xml version="1.0" encoding="UTF-8"?>
<!-- Generated by org.testng.reporters.JUnitReportReporter -->
<testsuite hostname="A-MACBOOKPRO-1.local" name="com.balfour.sb4.unittests.Supplies_Test" tests="1" failures="0" timestamp="9 Feb 2015 12:36:41 GMT" time="44.180" errors="0">
  <testcase name="supplies_test001" time="44.180" classname="com.balfour.sb4.unittests.Supplies_Test"/>
</testsuite> <!-- com.balfour.sb4.unittests.Supplies_Test -->
